<?xml version="1.0" encoding="UTF-8"?>
<testsuite xmlns:xsi="http://www.w3.org/2001/XMLSchema-instance" xsi:noNamespaceSchemaLocation="https://maven.apache.org/surefire/maven-surefire-plugin/xsd/surefire-test-report.xsd" name="com.identitye2e.tech.tests.DirectoryScannerApplicationTests" time="11.229" tests="2" errors="0" skipped="0" failures="0">
  <properties>
[...]
</properties>
  <testcase name="verify_File_in_Drivers_Folder" classname="com.identitye2e.tech.tests.DirectoryScannerApplicationTests" time="3.59"/>
  <testcase name="verify_No_File_in_Directory" classname="com.identitye2e.tech.tests.DirectoryScannerApplicationTests" time="0.018"/>
</testsuite>